Compiling the CXX compiler identification source file "CMakeCXXCompilerId.cpp" failed.
Compiler:  
Build flags: 
Id flags: 

The output was:
1
Microsoft (R) Build Engine version 14.0.25420.1
Copyright (C) Microsoft Corporation. All rights reserved.

Build started 14/03/2017 22:47:14.
The target "_ConvertPdbFiles" listed in a BeforeTargets attribute at "C:\Program Files (x86)\MSBuild\14.0\Microsoft.Common.targets\ImportAfter\Xamarin.Common.targets (34,37)" does not exist in the project, and will be ignored.
The target "_CollectPdbFiles" listed in an AfterTargets attribute at "C:\Program Files (x86)\MSBuild\14.0\Microsoft.Common.targets\ImportAfter\Xamarin.Common.targets (34,70)" does not exist in the project, and will be ignored.
The target "_CollectMdbFiles" listed in a BeforeTargets attribute at "C:\Program Files (x86)\MSBuild\14.0\Microsoft.Common.targets\ImportAfter\Xamarin.Common.targets (41,38)" does not exist in the project, and will be ignored.
The target "_CopyMdbFiles" listed in an AfterTargets attribute at "C:\Program Files (x86)\MSBuild\14.0\Microsoft.Common.targets\ImportAfter\Xamarin.Common.targets (41,71)" does not exist in the project, and will be ignored.
Project "E:\Year 3\Project\ParallelCardiacImageProcessingProject\C++\Assignment_v13_cplusplusversion\Debug\build\CMakeFiles\3.7.2\CompilerIdCXX\CompilerIdCXX.vcxproj" on node 1 (default targets).
C:\Program Files (x86)\MSBuild\Microsoft.Cpp\v4.0\V140\Microsoft.Cpp.Platform.targets(57,5): error MSB8020: The build tools for -D BUILD_SHARED_LIBS=OFF (Platform Toolset = '-D BUILD_SHARED_LIBS=OFF') cannot be found. To build using the -D BUILD_SHARED_LIBS=OFF build tools, please install -D BUILD_SHARED_LIBS=OFF build tools.  Alternatively, you may upgrade to the current Visual Studio tools by selecting the Project menu or right-click the solution, and then selecting "Retarget solution". [E:\Year 3\Project\ParallelCardiacImageProcessingProject\C++\Assignment_v13_cplusplusversion\Debug\build\CMakeFiles\3.7.2\CompilerIdCXX\CompilerIdCXX.vcxproj]
Done Building Project "E:\Year 3\Project\ParallelCardiacImageProcessingProject\C++\Assignment_v13_cplusplusversion\Debug\build\CMakeFiles\3.7.2\CompilerIdCXX\CompilerIdCXX.vcxproj" (default targets) -- FAILED.

Build FAILED.

"E:\Year 3\Project\ParallelCardiacImageProcessingProject\C++\Assignment_v13_cplusplusversion\Debug\build\CMakeFiles\3.7.2\CompilerIdCXX\CompilerIdCXX.vcxproj" (default target) (1) ->
(PlatformPrepareForBuild target) -> 
  C:\Program Files (x86)\MSBuild\Microsoft.Cpp\v4.0\V140\Microsoft.Cpp.Platform.targets(57,5): error MSB8020: The build tools for -D BUILD_SHARED_LIBS=OFF (Platform Toolset = '-D BUILD_SHARED_LIBS=OFF') cannot be found. To build using the -D BUILD_SHARED_LIBS=OFF build tools, please install -D BUILD_SHARED_LIBS=OFF build tools.  Alternatively, you may upgrade to the current Visual Studio tools by selecting the Project menu or right-click the solution, and then selecting "Retarget solution". [E:\Year 3\Project\ParallelCardiacImageProcessingProject\C++\Assignment_v13_cplusplusversion\Debug\build\CMakeFiles\3.7.2\CompilerIdCXX\CompilerIdCXX.vcxproj]

    0 Warning(s)
    1 Error(s)

Time Elapsed 00:00:00.12


Compiling the C compiler identification source file "CMakeCCompilerId.c" failed.
Compiler:  
Build flags: 
Id flags: 

The output was:
1
Microsoft (R) Build Engine version 14.0.25420.1
Copyright (C) Microsoft Corporation. All rights reserved.

Build started 14/03/2017 22:47:14.
The target "_ConvertPdbFiles" listed in a BeforeTargets attribute at "C:\Program Files (x86)\MSBuild\14.0\Microsoft.Common.targets\ImportAfter\Xamarin.Common.targets (34,37)" does not exist in the project, and will be ignored.
The target "_CollectPdbFiles" listed in an AfterTargets attribute at "C:\Program Files (x86)\MSBuild\14.0\Microsoft.Common.targets\ImportAfter\Xamarin.Common.targets (34,70)" does not exist in the project, and will be ignored.
The target "_CollectMdbFiles" listed in a BeforeTargets attribute at "C:\Program Files (x86)\MSBuild\14.0\Microsoft.Common.targets\ImportAfter\Xamarin.Common.targets (41,38)" does not exist in the project, and will be ignored.
The target "_CopyMdbFiles" listed in an AfterTargets attribute at "C:\Program Files (x86)\MSBuild\14.0\Microsoft.Common.targets\ImportAfter\Xamarin.Common.targets (41,71)" does not exist in the project, and will be ignored.
Project "E:\Year 3\Project\ParallelCardiacImageProcessingProject\C++\Assignment_v13_cplusplusversion\Debug\build\CMakeFiles\3.7.2\CompilerIdC\CompilerIdC.vcxproj" on node 1 (default targets).
C:\Program Files (x86)\MSBuild\Microsoft.Cpp\v4.0\V140\Microsoft.Cpp.Platform.targets(57,5): error MSB8020: The build tools for -D BUILD_SHARED_LIBS=OFF (Platform Toolset = '-D BUILD_SHARED_LIBS=OFF') cannot be found. To build using the -D BUILD_SHARED_LIBS=OFF build tools, please install -D BUILD_SHARED_LIBS=OFF build tools.  Alternatively, you may upgrade to the current Visual Studio tools by selecting the Project menu or right-click the solution, and then selecting "Retarget solution". [E:\Year 3\Project\ParallelCardiacImageProcessingProject\C++\Assignment_v13_cplusplusversion\Debug\build\CMakeFiles\3.7.2\CompilerIdC\CompilerIdC.vcxproj]
Done Building Project "E:\Year 3\Project\ParallelCardiacImageProcessingProject\C++\Assignment_v13_cplusplusversion\Debug\build\CMakeFiles\3.7.2\CompilerIdC\CompilerIdC.vcxproj" (default targets) -- FAILED.

Build FAILED.

"E:\Year 3\Project\ParallelCardiacImageProcessingProject\C++\Assignment_v13_cplusplusversion\Debug\build\CMakeFiles\3.7.2\CompilerIdC\CompilerIdC.vcxproj" (default target) (1) ->
(PlatformPrepareForBuild target) -> 
  C:\Program Files (x86)\MSBuild\Microsoft.Cpp\v4.0\V140\Microsoft.Cpp.Platform.targets(57,5): error MSB8020: The build tools for -D BUILD_SHARED_LIBS=OFF (Platform Toolset = '-D BUILD_SHARED_LIBS=OFF') cannot be found. To build using the -D BUILD_SHARED_LIBS=OFF build tools, please install -D BUILD_SHARED_LIBS=OFF build tools.  Alternatively, you may upgrade to the current Visual Studio tools by selecting the Project menu or right-click the solution, and then selecting "Retarget solution". [E:\Year 3\Project\ParallelCardiacImageProcessingProject\C++\Assignment_v13_cplusplusversion\Debug\build\CMakeFiles\3.7.2\CompilerIdC\CompilerIdC.vcxproj]

    0 Warning(s)
    1 Error(s)

Time Elapsed 00:00:00.11


